生成启动时间为 2021/2/23 15:53:03。
     1>项目“D:\0大一上\GraduateSystem\GraduateSystem\GraduateSystem\GraduateSystem.vcxproj”在节点 2 上(Build 个目标)。
     1>ClCompile:
         D:\2大一下学习\c语言大作业\vs2013\安装\VC\bin\CL.exe /c /ZI /nologo /W3 /WX- /sdl /Od /Oy- /D WIN32 /D _WINDOWS /D _DEBUG /D _UNICODE /D UNICODE /D _AFXDLL /Gm /EHsc /RTC1 /MDd /GS /fp:precise /Zc:wchar_t /Zc:forScope /Yu"stdafx.h" /Fp"Debug\GraduateSystem.pch" /Fo"Debug\\" /Fd"Debug\vc120.pdb" /Gd /TP /analyze- /errorReport:prompt MainFrm.cpp
         MainFrm.cpp
       Link:
         D:\2大一下学习\c语言大作业\vs2013\安装\VC\bin\link.exe /ERRORREPORT:PROMPT /OUT:"D:\0大一上\GraduateSystem\GraduateSystem\Debug\GraduateSystem.exe" /INCREMENTAL /NOLOGO /MANIFEST /MANIFESTUAC:"level='asInvoker' uiAccess='false'" /manifest:embed /manifestinput:"D:\2大一下学习\c语言大作业\vs2013\安装\VC\Include\Manifest\dpiaware.manifest" /DEBUG /PDB:"D:\0大一上\GraduateSystem\GraduateSystem\Debug\GraduateSystem.pdb" /SUBSYSTEM:WINDOWS /TLBID:1 /ENTRY:"wWinMainCRTStartup" /DYNAMICBASE /NXCOMPAT /IMPLIB:"D:\0大一上\GraduateSystem\GraduateSystem\Debug\GraduateSystem.lib" /MACHINE:X86 Debug\GraduateSystem.res
         Debug\ChildFrm.obj
         Debug\ClassView.obj
         Debug\DispalyView.obj
         Debug\FileView.obj
         Debug\GraduateSystem.obj
         Debug\GraduateSystemDoc.obj
         Debug\GraduateSystemView.obj
         Debug\MainFrm.obj
         Debug\OutputWnd.obj
         Debug\PropertiesWnd.obj
         Debug\SelectView.obj
         Debug\stdafx.obj
         Debug\ViewTree.obj
         GraduateSystem.vcxproj -> D:\0大一上\GraduateSystem\GraduateSystem\Debug\GraduateSystem.exe
     1>已完成生成项目“D:\0大一上\GraduateSystem\GraduateSystem\GraduateSystem\GraduateSystem.vcxproj”(Build 个目标)的操作。

生成成功。

已用时间 00:00:00.61
